LOAD:0000000000000000 ;
LOAD:0000000000000000 ; +-------------------------------------------------------------------------+
LOAD:0000000000000000 ; |      This file was generated by The Interactive Disassembler (IDA)      |
LOAD:0000000000000000 ; |           Copyright (c) 2024 Hex-Rays, <support@hex-rays.com>           |
LOAD:0000000000000000 ; |                            Freeware version                             |
LOAD:0000000000000000 ; +-------------------------------------------------------------------------+
LOAD:0000000000000000 ;
LOAD:0000000000000000 ; Input SHA256 : ACFDB848C0F2630E4EC729F66D5AE1CD09D6FE4E9C81EA5AE6FEEAB06E051A99
LOAD:0000000000000000 ; Input MD5    : 7C2477DE6E23BFC12EA7130B7E29A0FA
LOAD:0000000000000000 ; Input CRC32  : 5AB60128
LOAD:0000000000000000 ; Compiler     : GNU C++
LOAD:0000000000000000
LOAD:0000000000000000 ; File Name   : /home/nhanpham/crackmes/Sh4ll4/a.out
LOAD:0000000000000000 ; Format      : ELF64 for x86-64 (Shared object)
LOAD:0000000000000000 ; Interpreter '/lib64/ld-linux-x86-64.so.2'
LOAD:0000000000000000 ; Needed Library 'libc.so.6'
LOAD:0000000000000000 ;
LOAD:0000000000000000 ; Source File : 'crtstuff.c'
LOAD:0000000000000000 ; Source File : 'main.c'
LOAD:0000000000000000 ; Source File : 'crtstuff.c'
LOAD:0000000000000000
LOAD:0000000000000000 .686p
LOAD:0000000000000000 .mmx
LOAD:0000000000000000 .model flat
LOAD:0000000000000000 .intel_syntax noprefix
LOAD:0000000000000000
LOAD:0000000000000000
LOAD:0000000000000000 ; Segment type: Pure code
LOAD:0000000000000000 ; Segment permissions: Read/Execute
LOAD:0000000000000000 LOAD segment byte public 'CODE' use64
LOAD:0000000000000000 assume cs:LOAD
LOAD:0000000000000000 assume es:nothing, ss:nothing, ds:_data, fs:nothing, gs:nothing
LOAD:0000000000000000 dword_0 dd 464C457Fh    ; File format: \x7FELF
LOAD:0000000000000004 db 2                    ; File class: 64-bit
LOAD:0000000000000005 db 1                    ; Data encoding: little-endian
LOAD:0000000000000006 db 1                    ; File version
LOAD:0000000000000007 db 0                    ; OS/ABI: UNIX System V ABI
LOAD:0000000000000008 db 0                    ; ABI Version
LOAD:0000000000000009 db 7 dup(0)             ; Padding
LOAD:0000000000000010 dw 3                    ; File type: Shared object
LOAD:0000000000000012 dw 3Eh                  ; Machine: x86-64
LOAD:0000000000000014 dd 1                    ; File version
LOAD:0000000000000018 dq offset _start        ; Entry point
LOAD:0000000000000020 dq 40h                  ; PHT file offset
LOAD:0000000000000028 dq 2B68h                ; SHT file offset
LOAD:0000000000000030 dd 0                    ; Processor-specific flags
LOAD:0000000000000034 dw 40h                  ; ELF header size
LOAD:0000000000000036 dw 38h                  ; PHT entry size
LOAD:0000000000000038 dw 9                    ; Number of entries in PHT
LOAD:000000000000003A dw 40h                  ; SHT entry size
LOAD:000000000000003C dw 1Fh                  ; Number of entries in SHT
LOAD:000000000000003E dw 1Eh                  ; SHT entry index for string table
LOAD:0000000000000040 ; ELF64 Program Header
LOAD:0000000000000040 ; PHT Entry 0
LOAD:0000000000000040 dword_40 dd 6           ; Type: PHDR
LOAD:0000000000000044 dd 5                    ; Flags
LOAD:0000000000000048 dq 40h                  ; File offset
LOAD:0000000000000050 dq offset dword_40      ; Virtual address
LOAD:0000000000000058 dq 40h                  ; Physical address
LOAD:0000000000000060 dq 1F8h                 ; Size in file image
LOAD:0000000000000068 dq 1F8h                 ; Size in memory image
LOAD:0000000000000070 dq 8                    ; Alignment
LOAD:0000000000000078 ; PHT Entry 1
LOAD:0000000000000078 dd 3                    ; Type: INTERP
LOAD:000000000000007C dd 4                    ; Flags
LOAD:0000000000000080 dq 238h                 ; File offset
LOAD:0000000000000088 dq offset aLib64LdLinuxX8 ; Virtual address
LOAD:0000000000000090 dq 238h                 ; Physical address
LOAD:0000000000000098 dq 1Ch                  ; Size in file image
LOAD:00000000000000A0 dq 1Ch                  ; Size in memory image
LOAD:00000000000000A8 dq 1                    ; Alignment
LOAD:00000000000000B0 ; PHT Entry 2
LOAD:00000000000000B0 dd 1                    ; Type: LOAD
LOAD:00000000000000B4 dd 5                    ; Flags
LOAD:00000000000000B8 dq 0                    ; File offset
LOAD:00000000000000C0 dq 0                    ; Virtual address
LOAD:00000000000000C8 dq 0                    ; Physical address
LOAD:00000000000000D0 dq 0F1Ch                ; Size in file image
LOAD:00000000000000D8 dq 0F1Ch                ; Size in memory image
LOAD:00000000000000E0 dq 200000h              ; Alignment
LOAD:00000000000000E8 ; PHT Entry 3
LOAD:00000000000000E8 dd 1                    ; Type: LOAD
LOAD:00000000000000EC dd 6                    ; Flags
LOAD:00000000000000F0 dq 1DD8h                ; File offset
LOAD:00000000000000F8 dq offset __frame_dummy_init_array_entry ; Virtual address
LOAD:0000000000000100 dq 201DD8h              ; Physical address
LOAD:0000000000000108 dq 278h                 ; Size in file image
LOAD:0000000000000110 dq 288h                 ; Size in memory image
LOAD:0000000000000118 dq 200000h              ; Alignment
LOAD:0000000000000120 ; PHT Entry 4
LOAD:0000000000000120 dd 2                    ; Type: DYNAMIC
LOAD:0000000000000124 dd 6                    ; Flags
LOAD:0000000000000128 dq 1DF0h                ; File offset
LOAD:0000000000000130 dq offset _DYNAMIC      ; Virtual address
LOAD:0000000000000138 dq 201DF0h              ; Physical address
LOAD:0000000000000140 dq 1E0h                 ; Size in file image
LOAD:0000000000000148 dq 1E0h                 ; Size in memory image
LOAD:0000000000000150 dq 8                    ; Alignment
LOAD:0000000000000158 ; PHT Entry 5
LOAD:0000000000000158 dd 4                    ; Type: NOTE
LOAD:000000000000015C dd 4                    ; Flags
LOAD:0000000000000160 dq 254h                 ; File offset
LOAD:0000000000000168 dq offset dword_254     ; Virtual address
LOAD:0000000000000170 dq 254h                 ; Physical address
LOAD:0000000000000178 dq 44h                  ; Size in file image
LOAD:0000000000000180 dq 44h                  ; Size in memory image
LOAD:0000000000000188 dq 4                    ; Alignment
LOAD:0000000000000190 ; PHT Entry 6
LOAD:0000000000000190 dd 6474E550h            ; Type: EH_FRAME
LOAD:0000000000000194 dd 4                    ; Flags
LOAD:0000000000000198 dq 0D54h                ; File offset
LOAD:00000000000001A0 dq offset __GNU_EH_FRAME_HDR ; Virtual address
LOAD:00000000000001A8 dq 0D54h                ; Physical address
LOAD:00000000000001B0 dq 54h                  ; Size in file image
LOAD:00000000000001B8 dq 54h                  ; Size in memory image
LOAD:00000000000001C0 dq 4                    ; Alignment
LOAD:00000000000001C8 ; PHT Entry 7
LOAD:00000000000001C8 dd 6474E551h            ; Type: STACK
LOAD:00000000000001CC dd 6                    ; Flags
LOAD:00000000000001D0 dq 0                    ; File offset
LOAD:00000000000001D8 dq 0                    ; Virtual address
LOAD:00000000000001E0 dq 0                    ; Physical address
LOAD:00000000000001E8 dq 0                    ; Size in file image
LOAD:00000000000001F0 dq 0                    ; Size in memory image
LOAD:00000000000001F8 dq 10h                  ; Alignment
LOAD:0000000000000200 ; PHT Entry 8
LOAD:0000000000000200 dd 6474E552h            ; Type: RO-AFTER
LOAD:0000000000000204 dd 4                    ; Flags
LOAD:0000000000000208 dq 1DD8h                ; File offset
LOAD:0000000000000210 dq offset __frame_dummy_init_array_entry ; Virtual address
LOAD:0000000000000218 dq 201DD8h              ; Physical address
LOAD:0000000000000220 dq 228h                 ; Size in file image
LOAD:0000000000000228 dq 228h                 ; Size in memory image
LOAD:0000000000000230 dq 1                    ; Alignment
LOAD:0000000000000238 aLib64LdLinuxX8 db '/lib64/ld-linux-x86-64.so.2',0
LOAD:0000000000000254 ; ELF Note Entry
LOAD:0000000000000254 dword_254 dd 4          ; Name Size
LOAD:0000000000000258 dd 10h                  ; Desc Size
LOAD:000000000000025C dd 1                    ; Type: NT_GNU_ABI_TAG
LOAD:0000000000000260 aGnu db 'GNU',0         ; Name
LOAD:0000000000000264 dd 0, 2, 6, 20h         ; ABI: Linux 2.6.32
LOAD:0000000000000274 ; ELF Note Entry
LOAD:0000000000000274 dd 4                    ; Name Size
LOAD:0000000000000278 dd 14h                  ; Desc Size
LOAD:000000000000027C dd 3                    ; Type: NT_GNU_BUILD_ID
LOAD:0000000000000280 aGnu_0 db 'GNU',0       ; Name
LOAD:0000000000000284 db 55h, 2Ah, 52h, 0BBh, 0C8h, 0F5h, 8Fh ; Desc
LOAD:000000000000028B db 0F3h, 73h, 6Eh, 0B8h, 0DFh, 51h, 56h
LOAD:0000000000000292 db 0ABh, 0BFh, 29h, 49h, 0F1h, 40h
LOAD:0000000000000298 ; ELF GNU Hash Table
LOAD:0000000000000298 elf_gnu_hash_nbuckets dd 2
LOAD:000000000000029C elf_gnu_hash_symbias dd 0Ch
LOAD:00000000000002A0 elf_gnu_hash_bitmask_nwords dd 1
LOAD:00000000000002A4 elf_gnu_hash_shift dd 6
LOAD:00000000000002A8 elf_gnu_hash_indexes dq 8000200000h
LOAD:00000000000002B0 elf_gnu_hash_bucket dd 0, 0Ch
LOAD:00000000000002B8 elf_gnu_hash_chain dd 10615567h, 0
LOAD:00000000000002C0 ; ELF Symbol Table
LOAD:00000000000002C0 Elf64_Sym <0>
LOAD:00000000000002D8 Elf64_Sym <offset aItmDeregistert - offset byte_3F8,\ ; "_ITM_deregisterTMCloneTable"
LOAD:00000000000002D8            20h, 0, 0, offset dword_0, 0>
LOAD:00000000000002F0 Elf64_Sym <offset aPuts - offset byte_3F8,\ ; "puts"
LOAD:00000000000002F0            12h, 0, 0, offset dword_0, 0>
LOAD:0000000000000308 Elf64_Sym <offset aStrlen - offset byte_3F8,\ ; "strlen"
LOAD:0000000000000308            12h, 0, 0, offset dword_0, 0>
LOAD:0000000000000320 Elf64_Sym <offset aLibcStartMain - offset byte_3F8,\ ; "__libc_start_main"
LOAD:0000000000000320            12h, 0, 0, offset dword_0, 0>
LOAD:0000000000000338 Elf64_Sym <offset aFgets - offset byte_3F8,\ ; "fgets"
LOAD:0000000000000338            12h, 0, 0, offset dword_0, 0>
LOAD:0000000000000350 Elf64_Sym <offset aStrcmp - offset byte_3F8,\ ; "strcmp"
LOAD:0000000000000350            12h, 0, 0, offset dword_0, 0>
LOAD:0000000000000368 Elf64_Sym <offset aGmonStart - offset byte_3F8,\ ; "__gmon_start__"
LOAD:0000000000000368            20h, 0, 0, offset dword_0, 0>
LOAD:0000000000000380 Elf64_Sym <offset aPtrace - offset byte_3F8,\ ; "ptrace"
LOAD:0000000000000380            12h, 0, 0, offset dword_0, 0>
LOAD:0000000000000398 Elf64_Sym <offset aJvRegisterclas - offset byte_3F8,\ ; "_Jv_RegisterClasses"
LOAD:0000000000000398            20h, 0, 0, offset dword_0, 0>
LOAD:00000000000003B0 Elf64_Sym <offset aItmRegistertmc - offset byte_3F8,\ ; "_ITM_registerTMCloneTable"
LOAD:00000000000003B0            20h, 0, 0, offset dword_0, 0>
LOAD:00000000000003C8 Elf64_Sym <offset aCxaFinalize - offset byte_3F8,\ ; "__cxa_finalize"
LOAD:00000000000003C8            22h, 0, 0, offset dword_0, 0>
LOAD:00000000000003E0 Elf64_Sym <offset aStdin - offset byte_3F8,\ ; "stdin"
LOAD:00000000000003E0            11h, 0, 1Ah, \
LOAD:00000000000003E0            offset __bss_start, 8>
LOAD:00000000000003F8 ; ELF String Table
LOAD:00000000000003F8 byte_3F8 db 0
LOAD:00000000000003F9 aLibcSo6 db 'libc.so.6',0
LOAD:0000000000000403 aPuts db 'puts',0
LOAD:0000000000000408 aStdin db 'stdin',0
LOAD:000000000000040E aFgets db 'fgets',0
LOAD:0000000000000414 aStrlen db 'strlen',0
LOAD:000000000000041B aPtrace db 'ptrace',0
LOAD:0000000000000422 aCxaFinalize db '__cxa_finalize',0
LOAD:0000000000000431 aStrcmp db 'strcmp',0
LOAD:0000000000000438 aLibcStartMain db '__libc_start_main',0
LOAD:000000000000044A aItmDeregistert db '_ITM_deregisterTMCloneTable',0
LOAD:0000000000000466 aGmonStart db '__gmon_start__',0
LOAD:0000000000000475 aJvRegisterclas db '_Jv_RegisterClasses',0
LOAD:0000000000000489 aItmRegistertmc db '_ITM_registerTMCloneTable',0
LOAD:00000000000004A3 aGlibc225 db 'GLIBC_2.2.5',0
LOAD:00000000000004AF align 10h
LOAD:00000000000004B0 ; ELF GNU Symbol Version Table
LOAD:00000000000004B0 dw 0
LOAD:00000000000004B2 dw 0                    ; local  symbol: _ITM_deregisterTMCloneTable
LOAD:00000000000004B4 dw 2                    ; puts@@GLIBC_2.2.5
LOAD:00000000000004B6 dw 2                    ; strlen@@GLIBC_2.2.5
LOAD:00000000000004B8 dw 2                    ; __libc_start_main@@GLIBC_2.2.5
LOAD:00000000000004BA dw 2                    ; fgets@@GLIBC_2.2.5
LOAD:00000000000004BC dw 2                    ; strcmp@@GLIBC_2.2.5
LOAD:00000000000004BE dw 0                    ; local  symbol: __gmon_start__
LOAD:00000000000004C0 dw 2                    ; ptrace@@GLIBC_2.2.5
LOAD:00000000000004C2 dw 0                    ; local  symbol: _Jv_RegisterClasses
LOAD:00000000000004C4 dw 0                    ; local  symbol: _ITM_registerTMCloneTable
LOAD:00000000000004C6 dw 2                    ; __cxa_finalize@@GLIBC_2.2.5
LOAD:00000000000004C8 dw 2                    ; stdin@@GLIBC_2.2.5
LOAD:00000000000004CA dw 0
LOAD:00000000000004CC dw 0
LOAD:00000000000004CE dw 0
LOAD:00000000000004D0 ; ELF GNU Symbol Version Requirements
LOAD:00000000000004D0 Elf64_Verneed <1, 1, \  ; "libc.so.6"
LOAD:00000000000004D0                offset aLibcSo6 - offset byte_3F8,\
LOAD:00000000000004D0                10h, 0>
LOAD:00000000000004E0 Elf64_Vernaux <9691A75h, 0, 2, \ ; "GLIBC_2.2.5"
LOAD:00000000000004E0                offset aGlibc225 - offset byte_3F8,\
LOAD:00000000000004E0                0>
LOAD:00000000000004F0 ; ELF RELA Relocation Table
LOAD:00000000000004F0 Elf64_Rela <201DD8h, 8, 7E0h> ; R_X86_64_RELATIVE +7E0h
LOAD:0000000000000508 Elf64_Rela <201DE0h, 8, 7A0h> ; R_X86_64_RELATIVE +7A0h
LOAD:0000000000000520 Elf64_Rela <202048h, 8, 202048h> ; R_X86_64_RELATIVE +202048h
LOAD:0000000000000538 Elf64_Rela <201FD0h, 100000006h, 0> ; R_X86_64_GLOB_DAT _ITM_deregisterTMCloneTable
LOAD:0000000000000550 Elf64_Rela <201FD8h, 400000006h, 0> ; R_X86_64_GLOB_DAT __libc_start_main
LOAD:0000000000000568 Elf64_Rela <201FE0h, 700000006h, 0> ; R_X86_64_GLOB_DAT __gmon_start__
LOAD:0000000000000580 Elf64_Rela <201FE8h, 900000006h, 0> ; R_X86_64_GLOB_DAT _Jv_RegisterClasses
LOAD:0000000000000598 Elf64_Rela <201FF0h, 0A00000006h, 0> ; R_X86_64_GLOB_DAT _ITM_registerTMCloneTable
LOAD:00000000000005B0 Elf64_Rela <201FF8h, 0B00000006h, 0> ; R_X86_64_GLOB_DAT __cxa_finalize
LOAD:00000000000005C8 Elf64_Rela <202050h, 0C00000005h, 0> ; R_X86_64_COPY stdin
LOAD:00000000000005E0 ; ELF JMPREL Relocation Table
LOAD:00000000000005E0 Elf64_Rela <202018h, 200000007h, 0> ; R_X86_64_JUMP_SLOT puts
LOAD:00000000000005F8 Elf64_Rela <202020h, 300000007h, 0> ; R_X86_64_JUMP_SLOT strlen
LOAD:0000000000000610 Elf64_Rela <202028h, 500000007h, 0> ; R_X86_64_JUMP_SLOT fgets
LOAD:0000000000000628 Elf64_Rela <202030h, 600000007h, 0> ; R_X86_64_JUMP_SLOT strcmp
LOAD:0000000000000640 Elf64_Rela <202038h, 800000007h, 0> ; R_X86_64_JUMP_SLOT ptrace
LOAD:0000000000000640 LOAD ends
LOAD:0000000000000640
.init:0000000000000658
.init:0000000000000658 ; Segment type: Pure code
.init:0000000000000658 ; Segment permissions: Read/Execute
.init:0000000000000658 _init segment dword public 'CODE' use64
.init:0000000000000658 assume cs:_init
.init:0000000000000658 ;org 658h
.init:0000000000000658 assume es:nothing, ss:nothing, ds:_data, fs:nothing, gs:nothing
.init:0000000000000658
.init:0000000000000658
.init:0000000000000658
.init:0000000000000658 public _init_proc
.init:0000000000000658 _init_proc proc near
.init:0000000000000658 sub     rsp, 8          ; _init
.init:000000000000065C mov     rax, cs:__gmon_start___ptr
.init:0000000000000663 test    rax, rax
.init:0000000000000666 jz      short loc_66A
.init:0000000000000668 call    rax ; __gmon_start__
.init:000000000000066A
.init:000000000000066A loc_66A:
.init:000000000000066A add     rsp, 8
.init:000000000000066E retn
.init:000000000000066E _init_proc endp
.init:000000000000066E
.init:000000000000066E _init ends
.init:000000000000066E
LOAD:000000000000066F
LOAD:000000000000066F ; Segment type: Pure code
LOAD:000000000000066F ; Segment permissions: Read/Execute
LOAD:000000000000066F LOAD segment byte public 'CODE' use64
LOAD:000000000000066F assume cs:LOAD
LOAD:000000000000066F ;org 66Fh
LOAD:000000000000066F assume es:nothing, ss:nothing, ds:_data, fs:nothing, gs:nothing
LOAD:000000000000066F align 10h
LOAD:000000000000066F LOAD ends
LOAD:000000000000066F
.plt:0000000000000670
.plt:0000000000000670 ; Segment type: Pure code
.plt:0000000000000670 ; Segment permissions: Read/Execute
.plt:0000000000000670 _plt segment para public 'CODE' use64
.plt:0000000000000670 assume cs:_plt
.plt:0000000000000670 ;org 670h
.plt:0000000000000670 assume es:nothing, ss:nothing, ds:_data, fs:nothing, gs:nothing
.plt:0000000000000670
.plt:0000000000000670
.plt:0000000000000670
.plt:0000000000000670 sub_670 proc near
.plt:0000000000000670 ; __unwind {
.plt:0000000000000670 push    cs:qword_202008
.plt:0000000000000676 jmp     cs:qword_202010
.plt:0000000000000676 sub_670 endp
.plt:0000000000000676
.plt:000000000000067C align 20h
.plt:0000000000000680 ; [00000006 BYTES: COLLAPSED FUNCTION _puts. PRESS CTRL-NUMPAD+ TO EXPAND]
.plt:0000000000000686 push    0
.plt:000000000000068B jmp     sub_670
.plt:0000000000000690 ; [00000006 BYTES: COLLAPSED FUNCTION _strlen. PRESS CTRL-NUMPAD+ TO EXPAND]
.plt:0000000000000696 push    1
.plt:000000000000069B jmp     sub_670
.plt:00000000000006A0 ; [00000006 BYTES: COLLAPSED FUNCTION _fgets. PRESS CTRL-NUMPAD+ TO EXPAND]
.plt:00000000000006A6 push    2
.plt:00000000000006AB jmp     sub_670
.plt:00000000000006B0 ; [00000006 BYTES: COLLAPSED FUNCTION _strcmp. PRESS CTRL-NUMPAD+ TO EXPAND]
.plt:00000000000006B6 push    3
.plt:00000000000006BB jmp     sub_670
.plt:00000000000006C0 ; [00000006 BYTES: COLLAPSED FUNCTION _ptrace. PRESS CTRL-NUMPAD+ TO EXPAND]
.plt:00000000000006C6 push    4
.plt:00000000000006CB jmp     sub_670
.plt:00000000000006CB ; } // starts at 670
.plt:00000000000006CB _plt ends
.plt:00000000000006CB
.plt.got:00000000000006D0
.plt.got:00000000000006D0 ; Segment type: Pure code
.plt.got:00000000000006D0 ; Segment permissions: Read/Execute
.plt.got:00000000000006D0 _plt_got segment qword public 'CODE' use64
.plt.got:00000000000006D0 assume cs:_plt_got
.plt.got:00000000000006D0 ;org 6D0h
.plt.got:00000000000006D0 assume es:nothing, ss:nothing, ds:_data, fs:nothing, gs:nothing
.plt.got:00000000000006D0 ; [00000006 BYTES: COLLAPSED FUNCTION __cxa_finalize. PRESS CTRL-NUMPAD+ TO EXPAND]
.plt.got:00000000000006D6 align 8
.plt.got:00000000000006D6 ; } // starts at 6D0
.plt.got:00000000000006D6 _plt_got ends
.plt.got:00000000000006D6
LOAD:00000000000006D8
LOAD:00000000000006D8 ; Segment type: Pure code
LOAD:00000000000006D8 ; Segment permissions: Read/Execute
LOAD:00000000000006D8 LOAD segment byte public 'CODE' use64
LOAD:00000000000006D8 assume cs:LOAD
LOAD:00000000000006D8 ;org 6D8h
LOAD:00000000000006D8 assume es:nothing, ss:nothing, ds:_data, fs:nothing, gs:nothing
LOAD:00000000000006D8 align 20h
LOAD:00000000000006D8 LOAD ends
LOAD:00000000000006D8
.text:00000000000006E0
.text:00000000000006E0 ; Segment type: Pure code
.text:00000000000006E0 ; Segment permissions: Read/Execute
.text:00000000000006E0 _text segment para public 'CODE' use64
.text:00000000000006E0 assume cs:_text
.text:00000000000006E0 ;org 6E0h
.text:00000000000006E0 assume es:nothing, ss:nothing, ds:_data, fs:nothing, gs:nothing
.text:00000000000006E0
.text:00000000000006E0
.text:00000000000006E0 ; Attributes: noreturn fuzzy-sp
.text:00000000000006E0
.text:00000000000006E0 public _start
.text:00000000000006E0 _start proc near
.text:00000000000006E0 ; __unwind {
.text:00000000000006E0 xor     ebp, ebp
.text:00000000000006E2 mov     r9, rdx         ; rtld_fini
.text:00000000000006E5 pop     rsi             ; argc
.text:00000000000006E6 mov     rdx, rsp        ; ubp_av
.text:00000000000006E9 and     rsp, 0FFFFFFFFFFFFFFF0h
.text:00000000000006ED push    rax
.text:00000000000006EE push    rsp             ; stack_end
.text:00000000000006EF lea     r8, __libc_csu_fini ; fini
.text:00000000000006F6 lea     rcx, __libc_csu_init ; init
.text:00000000000006FD lea     rdi, main       ; main
.text:0000000000000704 call    cs:__libc_start_main_ptr
.text:000000000000070A hlt
.text:000000000000070A ; } // starts at 6E0
.text:000000000000070A _start endp
.text:000000000000070A
.text:000000000000070B align 10h
.text:0000000000000710
.text:0000000000000710
.text:0000000000000710 ; Attributes: bp-based frame
.text:0000000000000710
.text:0000000000000710 deregister_tm_clones proc near
.text:0000000000000710 lea     rdi, __bss_start
.text:0000000000000717 lea     rax, __bss_start+7
.text:000000000000071E push    rbp
.text:000000000000071F sub     rax, rdi
.text:0000000000000722 mov     rbp, rsp
.text:0000000000000725 cmp     rax, 0Eh
.text:0000000000000729 jbe     short loc_740
.text:000000000000072B mov     rax, cs:_ITM_deregisterTMCloneTable_ptr
.text:0000000000000732 test    rax, rax
.text:0000000000000735 jz      short loc_740
.text:0000000000000737 pop     rbp
.text:0000000000000738 jmp     rax
.text:000000000000073A align 20h
.text:0000000000000740
.text:0000000000000740 loc_740:
.text:0000000000000740 pop     rbp
.text:0000000000000741 retn
.text:0000000000000741 deregister_tm_clones endp
.text:0000000000000741
.text:0000000000000742 align 10h
.text:0000000000000750
.text:0000000000000750
.text:0000000000000750 ; Attributes: bp-based frame
.text:0000000000000750
.text:0000000000000750 register_tm_clones proc near
.text:0000000000000750 lea     rdi, __bss_start
.text:0000000000000757 lea     rsi, __bss_start
.text:000000000000075E push    rbp
.text:000000000000075F sub     rsi, rdi
.text:0000000000000762 mov     rbp, rsp
.text:0000000000000765 sar     rsi, 3
.text:0000000000000769 mov     rax, rsi
.text:000000000000076C shr     rax, 3Fh
.text:0000000000000770 add     rsi, rax
.text:0000000000000773 sar     rsi, 1
.text:0000000000000776 jz      short loc_790
.text:0000000000000778 mov     rax, cs:_ITM_registerTMCloneTable_ptr
.text:000000000000077F test    rax, rax
.text:0000000000000782 jz      short loc_790
.text:0000000000000784 pop     rbp
.text:0000000000000785 jmp     rax
.text:0000000000000787 align 10h
.text:0000000000000790
.text:0000000000000790 loc_790:
.text:0000000000000790 pop     rbp
.text:0000000000000791 retn
.text:0000000000000791 register_tm_clones endp
.text:0000000000000791
.text:0000000000000792 align 20h
.text:00000000000007A0
.text:00000000000007A0
.text:00000000000007A0
.text:00000000000007A0 __do_global_dtors_aux proc near
.text:00000000000007A0 cmp     cs:completed_6972, 0
.text:00000000000007A7 jnz     short locret_7D0
.text:00000000000007A9 cmp     cs:__cxa_finalize_ptr, 0
.text:00000000000007B1 push    rbp
.text:00000000000007B2 mov     rbp, rsp
.text:00000000000007B5 jz      short loc_7C3
.text:00000000000007B7 mov     rdi, cs:__dso_handle ; void *
.text:00000000000007BE call    __cxa_finalize
.text:00000000000007C3
.text:00000000000007C3 loc_7C3:
.text:00000000000007C3 call    deregister_tm_clones
.text:00000000000007C8 pop     rbp
.text:00000000000007C9 mov     cs:completed_6972, 1
.text:00000000000007D0
.text:00000000000007D0 locret_7D0:
.text:00000000000007D0 rep retn
.text:00000000000007D0 __do_global_dtors_aux endp
.text:00000000000007D0
.text:00000000000007D2 align 20h
.text:00000000000007E0
.text:00000000000007E0
.text:00000000000007E0
.text:00000000000007E0 frame_dummy proc near
.text:00000000000007E0 lea     rdi, __JCR_LIST__
.text:00000000000007E7 cmp     qword ptr [rdi], 0
.text:00000000000007EB jnz     short loc_7F8
.text:00000000000007ED
.text:00000000000007ED loc_7ED:
.text:00000000000007ED jmp     register_tm_clones
.text:00000000000007F2 align 8
.text:00000000000007F8
.text:00000000000007F8 loc_7F8:
.text:00000000000007F8 mov     rax, cs:_Jv_RegisterClasses_ptr
.text:00000000000007FF test    rax, rax
.text:0000000000000802 jz      short loc_7ED
.text:0000000000000804 push    rbp
.text:0000000000000805 mov     rbp, rsp
.text:0000000000000808 call    rax ; _Jv_RegisterClasses
.text:000000000000080A pop     rbp
.text:000000000000080B jmp     register_tm_clones
.text:000000000000080B frame_dummy endp
.text:000000000000080B
.text:0000000000000810
.text:0000000000000810
.text:0000000000000810 ; Attributes: bp-based frame
.text:0000000000000810
.text:0000000000000810 public youwillneveeeeerwindude
.text:0000000000000810 youwillneveeeeerwindude proc near
.text:0000000000000810
.text:0000000000000810 var_4= dword ptr -4
.text:0000000000000810
.text:0000000000000810 ; __unwind {
.text:0000000000000810 push    rbp
.text:0000000000000811 mov     rbp, rsp
.text:0000000000000814 sub     rsp, 10h
.text:0000000000000818 mov     [rbp+var_4], edi
.text:000000000000081B mov     ecx, 0
.text:0000000000000820 mov     edx, 1
.text:0000000000000825 mov     esi, 0
.text:000000000000082A mov     edi, 0          ; request
.text:000000000000082F mov     eax, 0
.text:0000000000000834 call    _ptrace
.text:0000000000000839 test    rax, rax
.text:000000000000083C jz      short loc_84B
.text:000000000000083E cmp     [rbp+var_4], 0FFFFFFFFh
.text:0000000000000842 jz      short loc_84B
.text:0000000000000844 mov     eax, 1B39h
.text:0000000000000849 jmp     short locret_850
.text:000000000000084B
.text:000000000000084B loc_84B:
.text:000000000000084B mov     eax, 5
.text:0000000000000850
.text:0000000000000850 locret_850:
.text:0000000000000850 leave
.text:0000000000000851 retn
.text:0000000000000851 ; } // starts at 810
.text:0000000000000851 youwillneveeeeerwindude endp
.text:0000000000000851
.text:0000000000000852
.text:0000000000000852
.text:0000000000000852 ; Attributes: bp-based frame
.text:0000000000000852
.text:0000000000000852 public function
.text:0000000000000852 function proc near
.text:0000000000000852 ; __unwind {
.text:0000000000000852 push    rbp
.text:0000000000000853 mov     rbp, rsp
.text:0000000000000856 mov     ecx, 0
.text:000000000000085B mov     edx, 1
.text:0000000000000860 mov     esi, 0
.text:0000000000000865 mov     edi, 0          ; request
.text:000000000000086A mov     eax, 0
.text:000000000000086F call    _ptrace
.text:0000000000000874 test    rax, rax
.text:0000000000000877 jz      short loc_882
.text:0000000000000879 lea     rax, a142x142x121x14 ; "142x142x121x1424421"
.text:0000000000000880 jmp     short loc_889
.text:0000000000000882
.text:0000000000000882 loc_882:
.text:0000000000000882 lea     rax, a142x142x121x14_0 ; "142x142x121x1424421x"
.text:0000000000000889
.text:0000000000000889 loc_889:
.text:0000000000000889 pop     rbp
.text:000000000000088A retn
.text:000000000000088A ; } // starts at 852
.text:000000000000088A function endp
.text:000000000000088A
.text:000000000000088B
.text:000000000000088B
.text:000000000000088B ; Attributes: bp-based frame
.text:000000000000088B
.text:000000000000088B public debugMe
.text:000000000000088B debugMe proc near
.text:000000000000088B
.text:000000000000088B var_110= qword ptr -110h
.text:000000000000088B var_108= qword ptr -108h
.text:000000000000088B var_100= qword ptr -100h
.text:000000000000088B var_F8= qword ptr -0F8h
.text:000000000000088B var_F0= qword ptr -0F0h
.text:000000000000088B var_E8= qword ptr -0E8h
.text:000000000000088B var_E0= qword ptr -0E0h
.text:000000000000088B var_D8= qword ptr -0D8h
.text:000000000000088B var_D0= qword ptr -0D0h
.text:000000000000088B var_C8= dword ptr -0C8h
.text:000000000000088B var_C4= word ptr -0C4h
.text:000000000000088B var_C0= qword ptr -0C0h
.text:000000000000088B var_B8= qword ptr -0B8h
.text:000000000000088B var_B0= qword ptr -0B0h
.text:000000000000088B var_A8= dword ptr -0A8h
.text:000000000000088B var_A4= word ptr -0A4h
.text:000000000000088B var_A0= qword ptr -0A0h
.text:000000000000088B var_98= qword ptr -98h
.text:000000000000088B var_90= qword ptr -90h
.text:000000000000088B var_88= dword ptr -88h
.text:000000000000088B var_84= word ptr -84h
.text:000000000000088B var_80= qword ptr -80h
.text:000000000000088B var_78= qword ptr -78h
.text:000000000000088B var_70= qword ptr -70h
.text:000000000000088B var_68= dword ptr -68h
.text:000000000000088B var_64= word ptr -64h
.text:000000000000088B var_60= dword ptr -60h
.text:000000000000088B var_5C= dword ptr -5Ch
.text:000000000000088B s1= qword ptr -58h
.text:000000000000088B var_50= qword ptr -50h
.text:000000000000088B s2= qword ptr -48h
.text:000000000000088B var_40= qword ptr -40h
.text:000000000000088B s= qword ptr -38h
.text:000000000000088B var_2C= dword ptr -2Ch
.text:000000000000088B var_25= byte ptr -25h
.text:000000000000088B var_24= dword ptr -24h
.text:000000000000088B
.text:000000000000088B ; __unwind {
.text:000000000000088B push    rbp
.text:000000000000088C mov     rbp, rsp
.text:000000000000088F push    r14
.text:0000000000000891 push    r13
.text:0000000000000893 push    r12
.text:0000000000000895 push    rbx
.text:0000000000000896 sub     rsp, 0F0h
.text:000000000000089D mov     rax, rsp
.text:00000000000008A0 mov     r12, rax
.text:00000000000008A3 mov     rax, 317A39683461617Ah
.text:00000000000008AD mov     [rbp+var_80], rax
.text:00000000000008B1 mov     rax, 3167356167386167h
.text:00000000000008BB mov     [rbp+var_78], rax
.text:00000000000008BF mov     [rbp+var_70], 347A3868h
.text:00000000000008C7 mov     [rbp+var_68], 0
.text:00000000000008CE mov     [rbp+var_64], 0
.text:00000000000008D4 mov     rax, 7A31346861383165h
.text:00000000000008DE mov     [rbp+var_A0], rax
.text:00000000000008E5 mov     rax, 7A35306861316838h
.text:00000000000008EF mov     [rbp+var_98], rax
.text:00000000000008F6 mov     [rbp+var_90], 67683961h
.text:0000000000000901 mov     [rbp+var_88], 0
.text:000000000000090B mov     [rbp+var_84], 0
.text:0000000000000914 mov     rax, 67346138687A327Ah
.text:000000000000091E mov     [rbp+var_C0], rax
.text:0000000000000925 mov     rax, 68397A3168613439h
.text:000000000000092F mov     [rbp+var_B8], rax
.text:0000000000000936 mov     [rbp+var_B0], 61613167h
.text:0000000000000941 mov     [rbp+var_A8], 0
.text:000000000000094B mov     [rbp+var_A4], 0
.text:0000000000000954 mov     rax, 4868396134684847h
.text:000000000000095E mov     [rbp+var_E0], rax
.text:0000000000000965 mov     rax, 317A386B514A5A52h
.text:000000000000096F mov     [rbp+var_D8], rax
.text:0000000000000976 mov     [rbp+var_D0], 7A323168h
.text:0000000000000981 mov     [rbp+var_C8], 0
.text:000000000000098B mov     [rbp+var_C4], 0
.text:0000000000000994 mov     eax, 0
.text:0000000000000999 call    function
.text:000000000000099E mov     [rbp+s], rax
.text:00000000000009A2 mov     rax, [rbp+s]
.text:00000000000009A6 mov     rdi, rax        ; s
.text:00000000000009A9 call    _strlen
.text:00000000000009AE lea     rcx, [rax+1]
.text:00000000000009B2 mov     rax, rcx
.text:00000000000009B5 sub     rax, 1
.text:00000000000009B9 mov     [rbp+var_40], rax
.text:00000000000009BD mov     [rbp+var_F0], rcx
.text:00000000000009C4 mov     [rbp+var_E8], 0
.text:00000000000009CF mov     [rbp+var_100], rcx
.text:00000000000009D6 mov     [rbp+var_F8], 0
.text:00000000000009E1 mov     eax, 10h
.text:00000000000009E6 sub     rax, 1
.text:00000000000009EA add     rax, rcx
.text:00000000000009ED mov     esi, 10h
.text:00000000000009F2 mov     edx, 0
.text:00000000000009F7 div     rsi
.text:00000000000009FA imul    rax, 10h
.text:00000000000009FE sub     rsp, rax
.text:0000000000000A01 mov     rax, rsp
.text:0000000000000A04 add     rax, 0
.text:0000000000000A08 mov     [rbp+s2], rax
.text:0000000000000A0C mov     rdx, cs:__bss_start ; stream
.text:0000000000000A13 mov     rax, [rbp+s2]
.text:0000000000000A17 mov     esi, ecx        ; n
.text:0000000000000A19 mov     rdi, rax        ; s
.text:0000000000000A1C call    _fgets
.text:0000000000000A21 mov     rax, [rbp+s]
.text:0000000000000A25 mov     rdi, rax        ; s
.text:0000000000000A28 call    _strlen
.text:0000000000000A2D lea     rcx, [rax+1]
.text:0000000000000A31 mov     rax, rcx
.text:0000000000000A34 sub     rax, 1
.text:0000000000000A38 mov     [rbp+var_50], rax
.text:0000000000000A3C mov     [rbp+var_110], rcx
.text:0000000000000A43 mov     [rbp+var_108], 0
.text:0000000000000A4E mov     r13, rcx
.text:0000000000000A51 mov     r14d, 0
.text:0000000000000A57 mov     eax, 10h
.text:0000000000000A5C sub     rax, 1
.text:0000000000000A60 add     rax, rcx
.text:0000000000000A63 mov     ebx, 10h
.text:0000000000000A68 mov     edx, 0
.text:0000000000000A6D div     rbx
.text:0000000000000A70 imul    rax, 10h
.text:0000000000000A74 sub     rsp, rax
.text:0000000000000A77 mov     rax, rsp
.text:0000000000000A7A add     rax, 0
.text:0000000000000A7E mov     [rbp+s1], rax
.text:0000000000000A82 lea     rdx, [rcx-1]
.text:0000000000000A86 mov     rax, [rbp+s1]
.text:0000000000000A8A mov     byte ptr [rax+rdx], 0
.text:0000000000000A8E mov     [rbp+var_24], 0
.text:0000000000000A95 jmp     loc_BAE
.text:0000000000000A9A
.text:0000000000000A9A loc_A9A:
.text:0000000000000A9A mov     eax, [rbp+var_24]
.text:0000000000000A9D movsxd  rdx, eax
.text:0000000000000AA0 mov     rax, [rbp+s]
.text:0000000000000AA4 add     rax, rdx
.text:0000000000000AA7 movzx   eax, byte ptr [rax]
.text:0000000000000AAA movsx   eax, al
.text:0000000000000AAD sub     eax, 30h ; '0'
.text:0000000000000AB0 mov     [rbp+var_5C], eax
.text:0000000000000AB3 mov     [rbp+var_25], 0
.text:0000000000000AB7 mov     eax, [rbp+var_5C]
.text:0000000000000ABA cmp     eax, 2
.text:0000000000000ABD jz      short loc_AE9
.text:0000000000000ABF cmp     eax, 2
.text:0000000000000AC2 jg      short loc_ACB
.text:0000000000000AC4 cmp     eax, 1
.text:0000000000000AC7 jz      short loc_AD7
.text:0000000000000AC9 jmp     short loc_B1C
.text:0000000000000ACB
.text:0000000000000ACB loc_ACB:
.text:0000000000000ACB cmp     eax, 3
.text:0000000000000ACE jz      short loc_AF8
.text:0000000000000AD0 cmp     eax, 4
.text:0000000000000AD3 jz      short loc_B0A
.text:0000000000000AD5 jmp     short loc_B1C
.text:0000000000000AD7
.text:0000000000000AD7 loc_AD7:
.text:0000000000000AD7 mov     eax, [rbp+var_24]
.text:0000000000000ADA cdqe
.text:0000000000000ADC movzx   eax, byte ptr [rbp+rax+var_A0]
.text:0000000000000AE4 mov     [rbp+var_25], al
.text:0000000000000AE7 jmp     short loc_B21
.text:0000000000000AE9
.text:0000000000000AE9 loc_AE9:
.text:0000000000000AE9 mov     eax, [rbp+var_24]
.text:0000000000000AEC cdqe
.text:0000000000000AEE movzx   eax, byte ptr [rbp+rax+var_80]
.text:0000000000000AF3 mov     [rbp+var_25], al
.text:0000000000000AF6 jmp     short loc_B21
.text:0000000000000AF8
.text:0000000000000AF8 loc_AF8:
.text:0000000000000AF8 mov     eax, [rbp+var_24]
.text:0000000000000AFB cdqe
.text:0000000000000AFD movzx   eax, byte ptr [rbp+rax+var_C0]
.text:0000000000000B05 mov     [rbp+var_25], al
.text:0000000000000B08 jmp     short loc_B21
.text:0000000000000B0A
.text:0000000000000B0A loc_B0A:
.text:0000000000000B0A mov     eax, [rbp+var_24]
.text:0000000000000B0D cdqe
.text:0000000000000B0F movzx   eax, byte ptr [rbp+rax+var_E0]
.text:0000000000000B17 mov     [rbp+var_25], al
.text:0000000000000B1A jmp     short loc_B21
.text:0000000000000B1C
.text:0000000000000B1C loc_B1C:
.text:0000000000000B1C mov     [rbp+var_25], 53h ; 'S'
.text:0000000000000B20 nop
.text:0000000000000B21
.text:0000000000000B21 loc_B21:
.text:0000000000000B21 mov     [rbp+var_2C], 0
.text:0000000000000B28 mov     rax, [rbp+s]
.text:0000000000000B2C mov     rdi, rax        ; s
.text:0000000000000B2F call    _strlen
.text:0000000000000B34 lea     rdx, [rax-1]
.text:0000000000000B38 mov     rax, [rbp+s]
.text:0000000000000B3C add     rax, rdx
.text:0000000000000B3F movzx   eax, byte ptr [rax]
.text:0000000000000B42 cmp     al, 78h ; 'x'
.text:0000000000000B44 jz      short loc_B4F
.text:0000000000000B46 mov     [rbp+var_2C], 0FFFFFFFFh
.text:0000000000000B4D jmp     short loc_B74
.text:0000000000000B4F
.text:0000000000000B4F loc_B4F:
.text:0000000000000B4F mov     rax, [rbp+s]
.text:0000000000000B53 mov     rdi, rax        ; s
.text:0000000000000B56 call    _strlen
.text:0000000000000B5B lea     rdx, [rax-1]
.text:0000000000000B5F mov     rax, [rbp+s]
.text:0000000000000B63 add     rax, rdx
.text:0000000000000B66 movzx   eax, byte ptr [rax]
.text:0000000000000B69 cmp     al, 31h ; '1'
.text:0000000000000B6B jnz     short loc_B74
.text:0000000000000B6D mov     [rbp+var_2C], 0FFFFFFFFh
.text:0000000000000B74
.text:0000000000000B74 loc_B74:
.text:0000000000000B74 mov     eax, [rbp+var_2C]
.text:0000000000000B77 mov     edi, eax
.text:0000000000000B79 call    youwillneveeeeerwindude
.text:0000000000000B7E mov     [rbp+var_60], eax
.text:0000000000000B81 cmp     [rbp+var_60], 5
.text:0000000000000B85 jz      short loc_B8D
.text:0000000000000B87 cmp     [rbp+var_60], 0
.text:0000000000000B8B jnz     short loc_B9A
.text:0000000000000B8D
.text:0000000000000B8D loc_B8D:
.text:0000000000000B8D mov     rdx, [rbp+s2]
.text:0000000000000B91 mov     eax, [rbp+var_24]
.text:0000000000000B94 cdqe
.text:0000000000000B96 mov     byte ptr [rdx+rax], 3Fh ; '?'
.text:0000000000000B9A
.text:0000000000000B9A loc_B9A:
.text:0000000000000B9A mov     rdx, [rbp+s1]
.text:0000000000000B9E mov     eax, [rbp+var_24]
.text:0000000000000BA1 cdqe
.text:0000000000000BA3 movzx   ecx, [rbp+var_25]
.text:0000000000000BA7 mov     [rdx+rax], cl
.text:0000000000000BAA add     [rbp+var_24], 1
.text:0000000000000BAE
.text:0000000000000BAE loc_BAE:
.text:0000000000000BAE mov     eax, [rbp+var_24]
.text:0000000000000BB1 movsxd  rbx, eax
.text:0000000000000BB4 mov     rax, [rbp+s]
.text:0000000000000BB8 mov     rdi, rax        ; s
.text:0000000000000BBB call    _strlen
.text:0000000000000BC0 cmp     rbx, rax
.text:0000000000000BC3 jb      loc_A9A
.text:0000000000000BC9 mov     rdx, [rbp+s2]
.text:0000000000000BCD mov     rax, [rbp+s1]
.text:0000000000000BD1 mov     rsi, rdx        ; s2
.text:0000000000000BD4 mov     rdi, rax        ; s1
.text:0000000000000BD7 call    _strcmp
.text:0000000000000BDC test    eax, eax
.text:0000000000000BDE jnz     short loc_BEE
.text:0000000000000BE0 lea     rdi, s          ; "YEAAAAAAAAAH YOU ARE GOOD MAN!"
.text:0000000000000BE7 call    _puts
.text:0000000000000BEC jmp     short loc_BFA
.text:0000000000000BEE
.text:0000000000000BEE loc_BEE:
.text:0000000000000BEE lea     rdi, aBadPasswordYou ; "Bad password, you can buy the product b"...
.text:0000000000000BF5 call    _puts
.text:0000000000000BFA
.text:0000000000000BFA loc_BFA:
.text:0000000000000BFA mov     rsp, r12
.text:0000000000000BFD nop
.text:0000000000000BFE lea     rsp, [rbp-20h]
.text:0000000000000C02 pop     rbx
.text:0000000000000C03 pop     r12
.text:0000000000000C05 pop     r13
.text:0000000000000C07 pop     r14
.text:0000000000000C09 pop     rbp
.text:0000000000000C0A retn
.text:0000000000000C0A ; } // starts at 88B
.text:0000000000000C0A debugMe endp
.text:0000000000000C0A
.text:0000000000000C0B
.text:0000000000000C0B
.text:0000000000000C0B ; Attributes: bp-based frame
.text:0000000000000C0B
.text:0000000000000C0B ; int __fastcall main(int argc, const char **argv, const char **envp)
.text:0000000000000C0B public main
.text:0000000000000C0B main proc near
.text:0000000000000C0B ; __unwind {
.text:0000000000000C0B push    rbp
.text:0000000000000C0C mov     rbp, rsp
.text:0000000000000C0F mov     eax, 0
.text:0000000000000C14 call    debugMe
.text:0000000000000C19 mov     eax, 0
.text:0000000000000C1E pop     rbp
.text:0000000000000C1F retn
.text:0000000000000C1F ; } // starts at C0B
.text:0000000000000C1F main endp
.text:0000000000000C1F
.text:0000000000000C20
.text:0000000000000C20
.text:0000000000000C20
.text:0000000000000C20 ; void _libc_csu_init(void)
.text:0000000000000C20 public __libc_csu_init
.text:0000000000000C20 __libc_csu_init proc near
.text:0000000000000C20 ; __unwind {
.text:0000000000000C20 push    r15
.text:0000000000000C22 push    r14
.text:0000000000000C24 mov     r15d, edi
.text:0000000000000C27 push    r13
.text:0000000000000C29 push    r12
.text:0000000000000C2B lea     r12, __frame_dummy_init_array_entry
.text:0000000000000C32 push    rbp
.text:0000000000000C33 lea     rbp, __do_global_dtors_aux_fini_array_entry
.text:0000000000000C3A push    rbx
.text:0000000000000C3B mov     r14, rsi
.text:0000000000000C3E mov     r13, rdx
.text:0000000000000C41 sub     rbp, r12
.text:0000000000000C44 sub     rsp, 8
.text:0000000000000C48 sar     rbp, 3
.text:0000000000000C4C call    _init_proc
.text:0000000000000C51 test    rbp, rbp
.text:0000000000000C54 jz      short loc_C76
.text:0000000000000C56 xor     ebx, ebx
.text:0000000000000C58 nop     dword ptr [rax+rax+00000000h]
.text:0000000000000C60
.text:0000000000000C60 loc_C60:
.text:0000000000000C60 mov     rdx, r13
.text:0000000000000C63 mov     rsi, r14
.text:0000000000000C66 mov     edi, r15d
.text:0000000000000C69 call    ds:(__frame_dummy_init_array_entry - 201DD8h)[r12+rbx*8]
.text:0000000000000C6D add     rbx, 1
.text:0000000000000C71 cmp     rbp, rbx
.text:0000000000000C74 jnz     short loc_C60
.text:0000000000000C76
.text:0000000000000C76 loc_C76:
.text:0000000000000C76 add     rsp, 8
.text:0000000000000C7A pop     rbx
.text:0000000000000C7B pop     rbp
.text:0000000000000C7C pop     r12
.text:0000000000000C7E pop     r13
.text:0000000000000C80 pop     r14
.text:0000000000000C82 pop     r15
.text:0000000000000C84 retn
.text:0000000000000C84 ; } // starts at C20
.text:0000000000000C84 __libc_csu_init endp
.text:0000000000000C84
.text:0000000000000C85 align 10h
.text:0000000000000C90
.text:0000000000000C90
.text:0000000000000C90
.text:0000000000000C90 ; void _libc_csu_fini(void)
.text:0000000000000C90 public __libc_csu_fini
.text:0000000000000C90 __libc_csu_fini proc near
.text:0000000000000C90 ; __unwind {
.text:0000000000000C90 rep retn
.text:0000000000000C90 ; } // starts at C90
.text:0000000000000C90 __libc_csu_fini endp
.text:0000000000000C90
.text:0000000000000C90 _text ends
.text:0000000000000C90
LOAD:0000000000000C92
LOAD:0000000000000C92 ; Segment type: Pure code
LOAD:0000000000000C92 ; Segment permissions: Read/Execute
LOAD:0000000000000C92 LOAD segment byte public 'CODE' use64
LOAD:0000000000000C92 assume cs:LOAD
LOAD:0000000000000C92 ;org 0C92h
LOAD:0000000000000C92 assume es:nothing, ss:nothing, ds:_data, fs:nothing, gs:nothing
LOAD:0000000000000C92 align 4
LOAD:0000000000000C92 LOAD ends
LOAD:0000000000000C92
.fini:0000000000000C94
.fini:0000000000000C94 ; Segment type: Pure code
.fini:0000000000000C94 ; Segment permissions: Read/Execute
.fini:0000000000000C94 _fini segment dword public 'CODE' use64
.fini:0000000000000C94 assume cs:_fini
.fini:0000000000000C94 ;org 0C94h
.fini:0000000000000C94 assume es:nothing, ss:nothing, ds:_data, fs:nothing, gs:nothing
.fini:0000000000000C94
.fini:0000000000000C94
.fini:0000000000000C94
.fini:0000000000000C94 public _term_proc
.fini:0000000000000C94 _term_proc proc near
.fini:0000000000000C94 sub     rsp, 8          ; _fini
.fini:0000000000000C98 add     rsp, 8
.fini:0000000000000C9C retn
.fini:0000000000000C9C _term_proc endp
.fini:0000000000000C9C
.fini:0000000000000C9C _fini ends
.fini:0000000000000C9C
LOAD:0000000000000C9D
LOAD:0000000000000C9D ; Segment type: Pure code
LOAD:0000000000000C9D ; Segment permissions: Read/Execute
LOAD:0000000000000C9D LOAD segment byte public 'CODE' use64
LOAD:0000000000000C9D assume cs:LOAD
LOAD:0000000000000C9D ;org 0C9Dh
LOAD:0000000000000C9D assume es:nothing, ss:nothing, ds:_data, fs:nothing, gs:nothing
LOAD:0000000000000C9D align 20h
LOAD:0000000000000C9D LOAD ends
LOAD:0000000000000C9D
.rodata:0000000000000CA0
.rodata:0000000000000CA0 ; Segment type: Pure data
.rodata:0000000000000CA0 ; Segment permissions: Read
.rodata:0000000000000CA0 _rodata segment qword public 'CONST' use64
.rodata:0000000000000CA0 assume cs:_rodata
.rodata:0000000000000CA0 ;org 0CA0h
.rodata:0000000000000CA0 public _IO_stdin_used
.rodata:0000000000000CA0 _IO_stdin_used db    1
.rodata:0000000000000CA1 db    0
.rodata:0000000000000CA2 db    2
.rodata:0000000000000CA3 db    0
.rodata:0000000000000CA4 db    0
.rodata:0000000000000CA5 db    0
.rodata:0000000000000CA6 db    0
.rodata:0000000000000CA7 db    0
.rodata:0000000000000CA8 a142x142x121x14 db '142x142x121x1424421',0
.rodata:0000000000000CBC a142x142x121x14_0 db '142x142x121x1424421x',0
.rodata:0000000000000CD1 align 8
.rodata:0000000000000CD8 ; const char s[]
.rodata:0000000000000CD8 s db 'YEAAAAAAAAAH YOU ARE GOOD MAN!',0
.rodata:0000000000000CF7 align 8
.rodata:0000000000000CF8 ; const char aBadPasswordYou[]
.rodata:0000000000000CF8 aBadPasswordYou db 'Bad password, you can buy the produ'
.rodata:0000000000000D1B db 'ct by sending $10: 1Fn3N79g2soMWQES'
.rodata:0000000000000D3E db '2ZWVUu59Y4xKf3hWKh',0
.rodata:0000000000000D3E _rodata ends
.rodata:0000000000000D3E
LOAD:0000000000000D51
LOAD:0000000000000D51 ; Segment type: Pure code
LOAD:0000000000000D51 ; Segment permissions: Read/Execute
LOAD:0000000000000D51 LOAD segment byte public 'CODE' use64
LOAD:0000000000000D51 assume cs:LOAD
LOAD:0000000000000D51 ;org 0D51h
LOAD:0000000000000D51 assume es:nothing, ss:nothing, ds:_data, fs:nothing, gs:nothing
LOAD:0000000000000D51 align 4
LOAD:0000000000000D51 LOAD ends
LOAD:0000000000000D51
.eh_frame_hdr:0000000000000D54
.eh_frame_hdr:0000000000000D54 ; Segment type: Pure data
.eh_frame_hdr:0000000000000D54 ; Segment permissions: Read
.eh_frame_hdr:0000000000000D54 _eh_frame_hdr segment dword public 'CONST' use64
.eh_frame_hdr:0000000000000D54 assume cs:_eh_frame_hdr
.eh_frame_hdr:0000000000000D54 ;org 0D54h
.eh_frame_hdr:0000000000000D54 __GNU_EH_FRAME_HDR db    1
.eh_frame_hdr:0000000000000D55 db  1Bh
.eh_frame_hdr:0000000000000D56 db    3
.eh_frame_hdr:0000000000000D57 db  3Bh ; ;
.eh_frame_hdr:0000000000000D58 db  50h ; P
.eh_frame_hdr:0000000000000D59 db    0
.eh_frame_hdr:0000000000000D5A db    0
.eh_frame_hdr:0000000000000D5B db    0
.eh_frame_hdr:0000000000000D5C db    9
.eh_frame_hdr:0000000000000D5D db    0
.eh_frame_hdr:0000000000000D5E db    0
.eh_frame_hdr:0000000000000D5F db    0
.eh_frame_hdr:0000000000000D60 db  1Ch
.eh_frame_hdr:0000000000000D61 db 0F9h
.eh_frame_hdr:0000000000000D62 db 0FFh
.eh_frame_hdr:0000000000000D63 db 0FFh
.eh_frame_hdr:0000000000000D64 db  9Ch
.eh_frame_hdr:0000000000000D65 db    0
.eh_frame_hdr:0000000000000D66 db    0
.eh_frame_hdr:0000000000000D67 db    0
.eh_frame_hdr:0000000000000D68 db  7Ch ; |
.eh_frame_hdr:0000000000000D69 db 0F9h
.eh_frame_hdr:0000000000000D6A db 0FFh
.eh_frame_hdr:0000000000000D6B db 0FFh
.eh_frame_hdr:0000000000000D6C db 0C4h
.eh_frame_hdr:0000000000000D6D db    0
.eh_frame_hdr:0000000000000D6E db    0
.eh_frame_hdr:0000000000000D6F db    0
.eh_frame_hdr:0000000000000D70 db  8Ch
.eh_frame_hdr:0000000000000D71 db 0F9h
.eh_frame_hdr:0000000000000D72 db 0FFh
.eh_frame_hdr:0000000000000D73 db 0FFh
.eh_frame_hdr:0000000000000D74 db  6Ch ; l
.eh_frame_hdr:0000000000000D75 db    0
.eh_frame_hdr:0000000000000D76 db    0
.eh_frame_hdr:0000000000000D77 db    0
.eh_frame_hdr:0000000000000D78 db 0BCh
.eh_frame_hdr:0000000000000D79 db 0FAh
.eh_frame_hdr:0000000000000D7A db 0FFh
.eh_frame_hdr:0000000000000D7B db 0FFh
.eh_frame_hdr:0000000000000D7C db 0DCh
.eh_frame_hdr:0000000000000D7D db    0
.eh_frame_hdr:0000000000000D7E db    0
.eh_frame_hdr:0000000000000D7F db    0
.eh_frame_hdr:0000000000000D80 db 0FEh
.eh_frame_hdr:0000000000000D81 db 0FAh
.eh_frame_hdr:0000000000000D82 db 0FFh
.eh_frame_hdr:0000000000000D83 db 0FFh
.eh_frame_hdr:0000000000000D84 db 0FCh
.eh_frame_hdr:0000000000000D85 db    0
.eh_frame_hdr:0000000000000D86 db    0
.eh_frame_hdr:0000000000000D87 db    0
.eh_frame_hdr:0000000000000D88 db  37h ; 7
.eh_frame_hdr:0000000000000D89 db 0FBh
.eh_frame_hdr:0000000000000D8A db 0FFh
.eh_frame_hdr:0000000000000D8B db 0FFh
.eh_frame_hdr:0000000000000D8C db  1Ch
.eh_frame_hdr:0000000000000D8D db    1
.eh_frame_hdr:0000000000000D8E db    0
.eh_frame_hdr:0000000000000D8F db    0
.eh_frame_hdr:0000000000000D90 db 0B7h
.eh_frame_hdr:0000000000000D91 db 0FEh
.eh_frame_hdr:0000000000000D92 db 0FFh
.eh_frame_hdr:0000000000000D93 db 0FFh
.eh_frame_hdr:0000000000000D94 db  44h ; D
.eh_frame_hdr:0000000000000D95 db    1
.eh_frame_hdr:0000000000000D96 db    0
.eh_frame_hdr:0000000000000D97 db    0
.eh_frame_hdr:0000000000000D98 db 0CCh
.eh_frame_hdr:0000000000000D99 db 0FEh
.eh_frame_hdr:0000000000000D9A db 0FFh
.eh_frame_hdr:0000000000000D9B db 0FFh
.eh_frame_hdr:0000000000000D9C db  64h ; d
.eh_frame_hdr:0000000000000D9D db    1
.eh_frame_hdr:0000000000000D9E db    0
.eh_frame_hdr:0000000000000D9F db    0
.eh_frame_hdr:0000000000000DA0 db  3Ch ; <
.eh_frame_hdr:0000000000000DA1 db 0FFh
.eh_frame_hdr:0000000000000DA2 db 0FFh
.eh_frame_hdr:0000000000000DA3 db 0FFh
.eh_frame_hdr:0000000000000DA4 db 0ACh
.eh_frame_hdr:0000000000000DA5 db    1
.eh_frame_hdr:0000000000000DA6 db    0
.eh_frame_hdr:0000000000000DA7 db    0
.eh_frame_hdr:0000000000000DA7 _eh_frame_hdr ends
.eh_frame_hdr:0000000000000DA7
.eh_frame:0000000000000DA8
.eh_frame:0000000000000DA8 ; Segment type: Pure data
.eh_frame:0000000000000DA8 ; Segment permissions: Read
.eh_frame:0000000000000DA8 _eh_frame segment qword public 'CONST' use64
.eh_frame:0000000000000DA8 assume cs:_eh_frame
.eh_frame:0000000000000DA8 ;org 0DA8h
.eh_frame:0000000000000DA8 db  14h
.eh_frame:0000000000000DA9 db    0
.eh_frame:0000000000000DAA db    0
.eh_frame:0000000000000DAB db    0
.eh_frame:0000000000000DAC db    0
.eh_frame:0000000000000DAD db    0
.eh_frame:0000000000000DAE db    0
.eh_frame:0000000000000DAF db    0
.eh_frame:0000000000000DB0 db    1
.eh_frame:0000000000000DB1 db  7Ah ; z
.eh_frame:0000000000000DB2 db  52h ; R
.eh_frame:0000000000000DB3 db    0
.eh_frame:0000000000000DB4 db    1
.eh_frame:0000000000000DB5 db  78h ; x
.eh_frame:0000000000000DB6 db  10h
.eh_frame:0000000000000DB7 db    1
.eh_frame:0000000000000DB8 db  1Bh
.eh_frame:0000000000000DB9 db  0Ch
.eh_frame:0000000000000DBA db    7
.eh_frame:0000000000000DBB db    8
.eh_frame:0000000000000DBC db  90h
.eh_frame:0000000000000DBD db    1
.eh_frame:0000000000000DBE db    7
.eh_frame:0000000000000DBF db  10h
.eh_frame:0000000000000DC0 db  14h
.eh_frame:0000000000000DC1 db    0
.eh_frame:0000000000000DC2 db    0
.eh_frame:0000000000000DC3 db    0
.eh_frame:0000000000000DC4 db  1Ch
.eh_frame:0000000000000DC5 db    0
.eh_frame:0000000000000DC6 db    0
.eh_frame:0000000000000DC7 db    0
.eh_frame:0000000000000DC8 db  18h
.eh_frame:0000000000000DC9 db 0F9h
.eh_frame:0000000000000DCA db 0FFh
.eh_frame:0000000000000DCB db 0FFh
.eh_frame:0000000000000DCC db  2Bh ; +
.eh_frame:0000000000000DCD db    0
.eh_frame:0000000000000DCE db    0
.eh_frame:0000000000000DCF db    0
.eh_frame:0000000000000DD0 db    0
.eh_frame:0000000000000DD1 db    0
.eh_frame:0000000000000DD2 db    0
.eh_frame:0000000000000DD3 db    0
.eh_frame:0000000000000DD4 db    0
.eh_frame:0000000000000DD5 db    0
.eh_frame:0000000000000DD6 db    0
.eh_frame:0000000000000DD7 db    0
.eh_frame:0000000000000DD8 db  14h
.eh_frame:0000000000000DD9 db    0
.eh_frame:0000000000000DDA db    0
.eh_frame:0000000000000DDB db    0
.eh_frame:0000000000000DDC db    0
.eh_frame:0000000000000DDD db    0
.eh_frame:0000000000000DDE db    0
.eh_frame:0000000000000DDF db    0
.eh_frame:0000000000000DE0 db    1
.eh_frame:0000000000000DE1 db  7Ah ; z
.eh_frame:0000000000000DE2 db  52h ; R
.eh_frame:0000000000000DE3 db    0
.eh_frame:0000000000000DE4 db    1
.eh_frame:0000000000000DE5 db  78h ; x
.eh_frame:0000000000000DE6 db  10h
.eh_frame:0000000000000DE7 db    1
.eh_frame:0000000000000DE8 db  1Bh
.eh_frame:0000000000000DE9 db  0Ch
.eh_frame:0000000000000DEA db    7
.eh_frame:0000000000000DEB db    8
.eh_frame:0000000000000DEC db  90h
.eh_frame:0000000000000DED db    1
.eh_frame:0000000000000DEE db    0
.eh_frame:0000000000000DEF db    0
.eh_frame:0000000000000DF0 db  24h ; $
.eh_frame:0000000000000DF1 db    0
.eh_frame:0000000000000DF2 db    0
.eh_frame:0000000000000DF3 db    0
.eh_frame:0000000000000DF4 db  1Ch
.eh_frame:0000000000000DF5 db    0
.eh_frame:0000000000000DF6 db    0
.eh_frame:0000000000000DF7 db    0
.eh_frame:0000000000000DF8 db  78h ; x
.eh_frame:0000000000000DF9 db 0F8h
.eh_frame:0000000000000DFA db 0FFh
.eh_frame:0000000000000DFB db 0FFh
.eh_frame:0000000000000DFC db  60h ; `
.eh_frame:0000000000000DFD db    0
.eh_frame:0000000000000DFE db    0
.eh_frame:0000000000000DFF db    0
.eh_frame:0000000000000E00 db    0
.eh_frame:0000000000000E01 db  0Eh
.eh_frame:0000000000000E02 db  10h
.eh_frame:0000000000000E03 db  46h ; F
.eh_frame:0000000000000E04 db  0Eh
.eh_frame:0000000000000E05 db  18h
.eh_frame:0000000000000E06 db  4Ah ; J
.eh_frame:0000000000000E07 db  0Fh
.eh_frame:0000000000000E08 db  0Bh
.eh_frame:0000000000000E09 db  77h ; w
.eh_frame:0000000000000E0A db    8
.eh_frame:0000000000000E0B db  80h
.eh_frame:0000000000000E0C db    0
.eh_frame:0000000000000E0D db  3Fh ; ?
.eh_frame:0000000000000E0E db  1Ah
.eh_frame:0000000000000E0F db  3Bh ; ;
.eh_frame:0000000000000E10 db  2Ah ; *
.eh_frame:0000000000000E11 db  33h ; 3
.eh_frame:0000000000000E12 db  24h ; $
.eh_frame:0000000000000E13 db  22h ; "
.eh_frame:0000000000000E14 db    0
.eh_frame:0000000000000E15 db    0
.eh_frame:0000000000000E16 db    0
.eh_frame:0000000000000E17 db    0
.eh_frame:0000000000000E18 db  14h
.eh_frame:0000000000000E19 db    0
.eh_frame:0000000000000E1A db    0
.eh_frame:0000000000000E1B db    0
.eh_frame:0000000000000E1C db  44h ; D
.eh_frame:0000000000000E1D db    0
.eh_frame:0000000000000E1E db    0
.eh_frame:0000000000000E1F db    0
.eh_frame:0000000000000E20 db 0B0h
.eh_frame:0000000000000E21 db 0F8h
.eh_frame:0000000000000E22 db 0FFh
.eh_frame:0000000000000E23 db 0FFh
.eh_frame:0000000000000E24 db    8
.eh_frame:0000000000000E25 db    0
.eh_frame:0000000000000E26 db    0
.eh_frame:0000000000000E27 db    0
.eh_frame:0000000000000E28 db    0
.eh_frame:0000000000000E29 db    0
.eh_frame:0000000000000E2A db    0
.eh_frame:0000000000000E2B db    0
.eh_frame:0000000000000E2C db    0
.eh_frame:0000000000000E2D db    0
.eh_frame:0000000000000E2E db    0
.eh_frame:0000000000000E2F db    0
.eh_frame:0000000000000E30 db  1Ch
.eh_frame:0000000000000E31 db    0
.eh_frame:0000000000000E32 db    0
.eh_frame:0000000000000E33 db    0
.eh_frame:0000000000000E34 db  5Ch ; \
.eh_frame:0000000000000E35 db    0
.eh_frame:0000000000000E36 db    0
.eh_frame:0000000000000E37 db    0
.eh_frame:0000000000000E38 db 0D8h
.eh_frame:0000000000000E39 db 0F9h
.eh_frame:0000000000000E3A db 0FFh
.eh_frame:0000000000000E3B db 0FFh
.eh_frame:0000000000000E3C db  42h ; B
.eh_frame:0000000000000E3D db    0
.eh_frame:0000000000000E3E db    0
.eh_frame:0000000000000E3F db    0
.eh_frame:0000000000000E40 db    0
.eh_frame:0000000000000E41 db  41h ; A
.eh_frame:0000000000000E42 db  0Eh
.eh_frame:0000000000000E43 db  10h
.eh_frame:0000000000000E44 db  86h
.eh_frame:0000000000000E45 db    2
.eh_frame:0000000000000E46 db  43h ; C
.eh_frame:0000000000000E47 db  0Dh
.eh_frame:0000000000000E48 db    6
.eh_frame:0000000000000E49 db  7Dh ; }
.eh_frame:0000000000000E4A db  0Ch
.eh_frame:0000000000000E4B db    7
.eh_frame:0000000000000E4C db    8
.eh_frame:0000000000000E4D db    0
.eh_frame:0000000000000E4E db    0
.eh_frame:0000000000000E4F db    0
.eh_frame:0000000000000E50 db  1Ch
.eh_frame:0000000000000E51 db    0
.eh_frame:0000000000000E52 db    0
.eh_frame:0000000000000E53 db    0
.eh_frame:0000000000000E54 db  7Ch ; |
.eh_frame:0000000000000E55 db    0
.eh_frame:0000000000000E56 db    0
.eh_frame:0000000000000E57 db    0
.eh_frame:0000000000000E58 db 0FAh
.eh_frame:0000000000000E59 db 0F9h
.eh_frame:0000000000000E5A db 0FFh
.eh_frame:0000000000000E5B db 0FFh
.eh_frame:0000000000000E5C db  39h ; 9
.eh_frame:0000000000000E5D db    0
.eh_frame:0000000000000E5E db    0
.eh_frame:0000000000000E5F db    0
.eh_frame:0000000000000E60 db    0
.eh_frame:0000000000000E61 db  41h ; A
.eh_frame:0000000000000E62 db  0Eh
.eh_frame:0000000000000E63 db  10h
.eh_frame:0000000000000E64 db  86h
.eh_frame:0000000000000E65 db    2
.eh_frame:0000000000000E66 db  43h ; C
.eh_frame:0000000000000E67 db  0Dh
.eh_frame:0000000000000E68 db    6
.eh_frame:0000000000000E69 db  74h ; t
.eh_frame:0000000000000E6A db  0Ch
.eh_frame:0000000000000E6B db    7
.eh_frame:0000000000000E6C db    8
.eh_frame:0000000000000E6D db    0
.eh_frame:0000000000000E6E db    0
.eh_frame:0000000000000E6F db    0
.eh_frame:0000000000000E70 db  24h ; $
.eh_frame:0000000000000E71 db    0
.eh_frame:0000000000000E72 db    0
.eh_frame:0000000000000E73 db    0
.eh_frame:0000000000000E74 db  9Ch
.eh_frame:0000000000000E75 db    0
.eh_frame:0000000000000E76 db    0
.eh_frame:0000000000000E77 db    0
.eh_frame:0000000000000E78 db  13h
.eh_frame:0000000000000E79 db 0FAh
.eh_frame:0000000000000E7A db 0FFh
.eh_frame:0000000000000E7B db 0FFh
.eh_frame:0000000000000E7C db  80h
.eh_frame:0000000000000E7D db    3
.eh_frame:0000000000000E7E db    0
.eh_frame:0000000000000E7F db    0
.eh_frame:0000000000000E80 db    0
.eh_frame:0000000000000E81 db  41h ; A
.eh_frame:0000000000000E82 db  0Eh
.eh_frame:0000000000000E83 db  10h
.eh_frame:0000000000000E84 db  86h
.eh_frame:0000000000000E85 db    2
.eh_frame:0000000000000E86 db  43h ; C
.eh_frame:0000000000000E87 db  0Dh
.eh_frame:0000000000000E88 db    6
.eh_frame:0000000000000E89 db  4Eh ; N
.eh_frame:0000000000000E8A db  8Eh
.eh_frame:0000000000000E8B db    3
.eh_frame:0000000000000E8C db  8Dh
.eh_frame:0000000000000E8D db    4
.eh_frame:0000000000000E8E db  8Ch
.eh_frame:0000000000000E8F db    5
.eh_frame:0000000000000E90 db  83h
.eh_frame:0000000000000E91 db    6
.eh_frame:0000000000000E92 db    3
.eh_frame:0000000000000E93 db  6Dh ; m
.eh_frame:0000000000000E94 db    3
.eh_frame:0000000000000E95 db  0Ch
.eh_frame:0000000000000E96 db    7
.eh_frame:0000000000000E97 db    8
.eh_frame:0000000000000E98 db  1Ch
.eh_frame:0000000000000E99 db    0
.eh_frame:0000000000000E9A db    0
.eh_frame:0000000000000E9B db    0
.eh_frame:0000000000000E9C db 0C4h
.eh_frame:0000000000000E9D db    0
.eh_frame:0000000000000E9E db    0
.eh_frame:0000000000000E9F db    0
.eh_frame:0000000000000EA0 db  6Bh ; k
.eh_frame:0000000000000EA1 db 0FDh
.eh_frame:0000000000000EA2 db 0FFh
.eh_frame:0000000000000EA3 db 0FFh
.eh_frame:0000000000000EA4 db  15h
.eh_frame:0000000000000EA5 db    0
.eh_frame:0000000000000EA6 db    0
.eh_frame:0000000000000EA7 db    0
.eh_frame:0000000000000EA8 db    0
.eh_frame:0000000000000EA9 db  41h ; A
.eh_frame:0000000000000EAA db  0Eh
.eh_frame:0000000000000EAB db  10h
.eh_frame:0000000000000EAC db  86h
.eh_frame:0000000000000EAD db    2
.eh_frame:0000000000000EAE db  43h ; C
.eh_frame:0000000000000EAF db  0Dh
.eh_frame:0000000000000EB0 db    6
.eh_frame:0000000000000EB1 db  50h ; P
.eh_frame:0000000000000EB2 db  0Ch
.eh_frame:0000000000000EB3 db    7
.eh_frame:0000000000000EB4 db    8
.eh_frame:0000000000000EB5 db    0
.eh_frame:0000000000000EB6 db    0
.eh_frame:0000000000000EB7 db    0
.eh_frame:0000000000000EB8 db  44h ; D
.eh_frame:0000000000000EB9 db    0
.eh_frame:0000000000000EBA db    0
.eh_frame:0000000000000EBB db    0
.eh_frame:0000000000000EBC db 0E4h
.eh_frame:0000000000000EBD db    0
.eh_frame:0000000000000EBE db    0
.eh_frame:0000000000000EBF db    0
.eh_frame:0000000000000EC0 db  60h ; `
.eh_frame:0000000000000EC1 db 0FDh
.eh_frame:0000000000000EC2 db 0FFh
.eh_frame:0000000000000EC3 db 0FFh
.eh_frame:0000000000000EC4 db  65h ; e
.eh_frame:0000000000000EC5 db    0
.eh_frame:0000000000000EC6 db    0
.eh_frame:0000000000000EC7 db    0
.eh_frame:0000000000000EC8 db    0
.eh_frame:0000000000000EC9 db  42h ; B
.eh_frame:0000000000000ECA db  0Eh
.eh_frame:0000000000000ECB db  10h
.eh_frame:0000000000000ECC db  8Fh
.eh_frame:0000000000000ECD db    2
.eh_frame:0000000000000ECE db  42h ; B
.eh_frame:0000000000000ECF db  0Eh
.eh_frame:0000000000000ED0 db  18h
.eh_frame:0000000000000ED1 db  8Eh
.eh_frame:0000000000000ED2 db    3
.eh_frame:0000000000000ED3 db  45h ; E
.eh_frame:0000000000000ED4 db  0Eh
.eh_frame:0000000000000ED5 db  20h
.eh_frame:0000000000000ED6 db  8Dh
.eh_frame:0000000000000ED7 db    4
.eh_frame:0000000000000ED8 db  42h ; B
.eh_frame:0000000000000ED9 db  0Eh
.eh_frame:0000000000000EDA db  28h ; (
.eh_frame:0000000000000EDB db  8Ch
.eh_frame:0000000000000EDC db    5
.eh_frame:0000000000000EDD db  48h ; H
.eh_frame:0000000000000EDE db  0Eh
.eh_frame:0000000000000EDF db  30h ; 0
.eh_frame:0000000000000EE0 db  86h
.eh_frame:0000000000000EE1 db    6
.eh_frame:0000000000000EE2 db  48h ; H
.eh_frame:0000000000000EE3 db  0Eh
.eh_frame:0000000000000EE4 db  38h ; 8
.eh_frame:0000000000000EE5 db  83h
.eh_frame:0000000000000EE6 db    7
.eh_frame:0000000000000EE7 db  4Dh ; M
.eh_frame:0000000000000EE8 db  0Eh
.eh_frame:0000000000000EE9 db  40h ; @
.eh_frame:0000000000000EEA db  72h ; r
.eh_frame:0000000000000EEB db  0Eh
.eh_frame:0000000000000EEC db  38h ; 8
.eh_frame:0000000000000EED db  41h ; A
.eh_frame:0000000000000EEE db  0Eh
.eh_frame:0000000000000EEF db  30h ; 0
.eh_frame:0000000000000EF0 db  41h ; A
.eh_frame:0000000000000EF1 db  0Eh
.eh_frame:0000000000000EF2 db  28h ; (
.eh_frame:0000000000000EF3 db  42h ; B
.eh_frame:0000000000000EF4 db  0Eh
.eh_frame:0000000000000EF5 db  20h
.eh_frame:0000000000000EF6 db  42h ; B
.eh_frame:0000000000000EF7 db  0Eh
.eh_frame:0000000000000EF8 db  18h
.eh_frame:0000000000000EF9 db  42h ; B
.eh_frame:0000000000000EFA db  0Eh
.eh_frame:0000000000000EFB db  10h
.eh_frame:0000000000000EFC db  42h ; B
.eh_frame:0000000000000EFD db  0Eh
.eh_frame:0000000000000EFE db    8
.eh_frame:0000000000000EFF db    0
.eh_frame:0000000000000F00 db  14h
.eh_frame:0000000000000F01 db    0
.eh_frame:0000000000000F02 db    0
.eh_frame:0000000000000F03 db    0
.eh_frame:0000000000000F04 db  2Ch ; ,
.eh_frame:0000000000000F05 db    1
.eh_frame:0000000000000F06 db    0
.eh_frame:0000000000000F07 db    0
.eh_frame:0000000000000F08 db  88h
.eh_frame:0000000000000F09 db 0FDh
.eh_frame:0000000000000F0A db 0FFh
.eh_frame:0000000000000F0B db 0FFh
.eh_frame:0000000000000F0C db    2
.eh_frame:0000000000000F0D db    0
.eh_frame:0000000000000F0E db    0
.eh_frame:0000000000000F0F db    0
.eh_frame:0000000000000F10 db    0
.eh_frame:0000000000000F11 db    0
.eh_frame:0000000000000F12 db    0
.eh_frame:0000000000000F13 db    0
.eh_frame:0000000000000F14 db    0
.eh_frame:0000000000000F15 db    0
.eh_frame:0000000000000F16 db    0
.eh_frame:0000000000000F17 db    0
.eh_frame:0000000000000F18 __FRAME_END__ db    0
.eh_frame:0000000000000F19 db    0
.eh_frame:0000000000000F1A db    0
.eh_frame:0000000000000F1B db    0
.eh_frame:0000000000000F1B _eh_frame ends
.eh_frame:0000000000000F1B
.init_array:0000000000201DD8 ; ELF Initialization Function Table
.init_array:0000000000201DD8
.init_array:0000000000201DD8 ; Segment type: Pure data
.init_array:0000000000201DD8 ; Segment permissions: Read/Write
.init_array:0000000000201DD8 _init_array segment qword public 'DATA' use64
.init_array:0000000000201DD8 assume cs:_init_array
.init_array:0000000000201DD8 ;org 201DD8h
.init_array:0000000000201DD8 __frame_dummy_init_array_entry dq offset frame_dummy ; Alternative name is '__init_array_start'
.init_array:0000000000201DD8 _init_array ends
.init_array:0000000000201DD8
.fini_array:0000000000201DE0 ; ELF Termination Function Table
.fini_array:0000000000201DE0
.fini_array:0000000000201DE0 ; Segment type: Pure data
.fini_array:0000000000201DE0 ; Segment permissions: Read/Write
.fini_array:0000000000201DE0 _fini_array segment qword public 'DATA' use64
.fini_array:0000000000201DE0 assume cs:_fini_array
.fini_array:0000000000201DE0 ;org 201DE0h
.fini_array:0000000000201DE0 __do_global_dtors_aux_fini_array_entry dq offset __do_global_dtors_aux ; Alternative name is '__init_array_end'
.fini_array:0000000000201DE0 _fini_array ends
.fini_array:0000000000201DE0
.jcr:0000000000201DE8
.jcr:0000000000201DE8 ; Segment type: Pure data
.jcr:0000000000201DE8 ; Segment permissions: Read/Write
.jcr:0000000000201DE8 _jcr segment qword public 'DATA' use64
.jcr:0000000000201DE8 assume cs:_jcr
.jcr:0000000000201DE8 ;org 201DE8h
.jcr:0000000000201DE8 __JCR_LIST__ db    0
.jcr:0000000000201DE9 db    0
.jcr:0000000000201DEA db    0
.jcr:0000000000201DEB db    0
.jcr:0000000000201DEC db    0
.jcr:0000000000201DED db    0
.jcr:0000000000201DEE db    0
.jcr:0000000000201DEF db    0
.jcr:0000000000201DEF _jcr ends
.jcr:0000000000201DEF
LOAD:0000000000201DF0 ; ELF Dynamic Information
LOAD:0000000000201DF0
LOAD:0000000000201DF0 ; Segment type: Pure data
LOAD:0000000000201DF0 ; Segment permissions: Read/Write
LOAD:0000000000201DF0 LOAD segment byte public 'DATA' use64
LOAD:0000000000201DF0 assume cs:LOAD
LOAD:0000000000201DF0 ;org 201DF0h
LOAD:0000000000201DF0 _DYNAMIC Elf64_Dyn <1, 1> ; DT_NEEDED libc.so.6
LOAD:0000000000201E00 Elf64_Dyn <0Ch, 658h>   ; DT_INIT
LOAD:0000000000201E10 Elf64_Dyn <0Dh, 0C94h>  ; DT_FINI
LOAD:0000000000201E20 Elf64_Dyn <19h, 201DD8h> ; DT_INIT_ARRAY
LOAD:0000000000201E30 Elf64_Dyn <1Bh, 8>      ; DT_INIT_ARRAYSZ
LOAD:0000000000201E40 Elf64_Dyn <1Ah, 201DE0h> ; DT_FINI_ARRAY
LOAD:0000000000201E50 Elf64_Dyn <1Ch, 8>      ; DT_FINI_ARRAYSZ
LOAD:0000000000201E60 Elf64_Dyn <6FFFFEF5h, 298h> ; DT_GNU_HASH
LOAD:0000000000201E70 Elf64_Dyn <5, 3F8h>     ; DT_STRTAB
LOAD:0000000000201E80 Elf64_Dyn <6, 2C0h>     ; DT_SYMTAB
LOAD:0000000000201E90 Elf64_Dyn <0Ah, 0B7h>   ; DT_STRSZ
LOAD:0000000000201EA0 Elf64_Dyn <0Bh, 18h>    ; DT_SYMENT
LOAD:0000000000201EB0 Elf64_Dyn <15h, 0>      ; DT_DEBUG
LOAD:0000000000201EC0 Elf64_Dyn <3, 202000h>  ; DT_PLTGOT
LOAD:0000000000201ED0 Elf64_Dyn <2, 78h>      ; DT_PLTRELSZ
LOAD:0000000000201EE0 Elf64_Dyn <14h, 7>      ; DT_PLTREL
LOAD:0000000000201EF0 Elf64_Dyn <17h, 5E0h>   ; DT_JMPREL
LOAD:0000000000201F00 Elf64_Dyn <7, 4F0h>     ; DT_RELA
LOAD:0000000000201F10 Elf64_Dyn <8, 0F0h>     ; DT_RELASZ
LOAD:0000000000201F20 Elf64_Dyn <9, 18h>      ; DT_RELAENT
LOAD:0000000000201F30 Elf64_Dyn <6FFFFFFBh, 8000000h> ; DT_FLAGS_1
LOAD:0000000000201F40 Elf64_Dyn <6FFFFFFEh, 4D0h> ; DT_VERNEED
LOAD:0000000000201F50 Elf64_Dyn <6FFFFFFFh, 1> ; DT_VERNEEDNUM
LOAD:0000000000201F60 Elf64_Dyn <6FFFFFF0h, 4B0h> ; DT_VERSYM
LOAD:0000000000201F70 Elf64_Dyn <6FFFFFF9h, 3> ; DT_RELACOUNT
LOAD:0000000000201F80 Elf64_Dyn <0>           ; DT_NULL
LOAD:0000000000201F90 db    0
LOAD:0000000000201F91 db    0
LOAD:0000000000201F92 db    0
LOAD:0000000000201F93 db    0
LOAD:0000000000201F94 db    0
LOAD:0000000000201F95 db    0
LOAD:0000000000201F96 db    0
LOAD:0000000000201F97 db    0
LOAD:0000000000201F98 db    0
LOAD:0000000000201F99 db    0
LOAD:0000000000201F9A db    0
LOAD:0000000000201F9B db    0
LOAD:0000000000201F9C db    0
LOAD:0000000000201F9D db    0
LOAD:0000000000201F9E db    0
LOAD:0000000000201F9F db    0
LOAD:0000000000201FA0 db    0
LOAD:0000000000201FA1 db    0
LOAD:0000000000201FA2 db    0
LOAD:0000000000201FA3 db    0
LOAD:0000000000201FA4 db    0
LOAD:0000000000201FA5 db    0
LOAD:0000000000201FA6 db    0
LOAD:0000000000201FA7 db    0
LOAD:0000000000201FA8 db    0
LOAD:0000000000201FA9 db    0
LOAD:0000000000201FAA db    0
LOAD:0000000000201FAB db    0
LOAD:0000000000201FAC db    0
LOAD:0000000000201FAD db    0
LOAD:0000000000201FAE db    0
LOAD:0000000000201FAF db    0
LOAD:0000000000201FB0 db    0
LOAD:0000000000201FB1 db    0
LOAD:0000000000201FB2 db    0
LOAD:0000000000201FB3 db    0
LOAD:0000000000201FB4 db    0
LOAD:0000000000201FB5 db    0
LOAD:0000000000201FB6 db    0
LOAD:0000000000201FB7 db    0
LOAD:0000000000201FB8 db    0
LOAD:0000000000201FB9 db    0
LOAD:0000000000201FBA db    0
LOAD:0000000000201FBB db    0
LOAD:0000000000201FBC db    0
LOAD:0000000000201FBD db    0
LOAD:0000000000201FBE db    0
LOAD:0000000000201FBF db    0
LOAD:0000000000201FC0 db    0
LOAD:0000000000201FC1 db    0
LOAD:0000000000201FC2 db    0
LOAD:0000000000201FC3 db    0
LOAD:0000000000201FC4 db    0
LOAD:0000000000201FC5 db    0
LOAD:0000000000201FC6 db    0
LOAD:0000000000201FC7 db    0
LOAD:0000000000201FC8 db    0
LOAD:0000000000201FC9 db    0
LOAD:0000000000201FCA db    0
LOAD:0000000000201FCB db    0
LOAD:0000000000201FCC db    0
LOAD:0000000000201FCD db    0
LOAD:0000000000201FCE db    0
LOAD:0000000000201FCF db    0
LOAD:0000000000201FCF LOAD ends
LOAD:0000000000201FCF
.got:0000000000201FD0
.got:0000000000201FD0 ; Segment type: Pure data
.got:0000000000201FD0 ; Segment permissions: Read/Write
.got:0000000000201FD0 _got segment qword public 'DATA' use64
.got:0000000000201FD0 assume cs:_got
.got:0000000000201FD0 ;org 201FD0h
.got:0000000000201FD0 _ITM_deregisterTMCloneTable_ptr dq offset _ITM_deregisterTMCloneTable
.got:0000000000201FD8 __libc_start_main_ptr dq offset __libc_start_main
.got:0000000000201FE0 __gmon_start___ptr dq offset __gmon_start__
.got:0000000000201FE8 _Jv_RegisterClasses_ptr dq offset _Jv_RegisterClasses
.got:0000000000201FF0 _ITM_registerTMCloneTable_ptr dq offset _ITM_registerTMCloneTable
.got:0000000000201FF8 __cxa_finalize_ptr dq offset __imp___cxa_finalize
.got:0000000000201FF8 _got ends
.got:0000000000201FF8
.got.plt:0000000000202000
.got.plt:0000000000202000 ; Segment type: Pure data
.got.plt:0000000000202000 ; Segment permissions: Read/Write
.got.plt:0000000000202000 _got_plt segment qword public 'DATA' use64
.got.plt:0000000000202000 assume cs:_got_plt
.got.plt:0000000000202000 ;org 202000h
.got.plt:0000000000202000 _GLOBAL_OFFSET_TABLE_ dq offset _DYNAMIC
.got.plt:0000000000202008 qword_202008 dq 0
.got.plt:0000000000202010 qword_202010 dq 0
.got.plt:0000000000202018 off_202018 dq offset puts
.got.plt:0000000000202020 off_202020 dq offset strlen
.got.plt:0000000000202028 off_202028 dq offset fgets
.got.plt:0000000000202030 off_202030 dq offset strcmp
.got.plt:0000000000202038 off_202038 dq offset ptrace
.got.plt:0000000000202038 _got_plt ends
.got.plt:0000000000202038
.data:0000000000202040
.data:0000000000202040 ; Segment type: Pure data
.data:0000000000202040 ; Segment permissions: Read/Write
.data:0000000000202040 _data segment qword public 'DATA' use64
.data:0000000000202040 assume cs:_data
.data:0000000000202040 ;org 202040h
.data:0000000000202040 public __data_start ; weak
.data:0000000000202040 __data_start db    0    ; Alternative name is '__data_start'
.data:0000000000202040                         ; data_start
.data:0000000000202041 db    0
.data:0000000000202042 db    0
.data:0000000000202043 db    0
.data:0000000000202044 db    0
.data:0000000000202045 db    0
.data:0000000000202046 db    0
.data:0000000000202047 db    0
.data:0000000000202048 public __dso_handle
.data:0000000000202048 ; void *_dso_handle
.data:0000000000202048 __dso_handle dq offset __dso_handle
.data:0000000000202048 _data ends
.data:0000000000202048
.bss:0000000000202050
.bss:0000000000202050 ; Segment type: Uninitialized
.bss:0000000000202050 ; Segment permissions: Read/Write
.bss:0000000000202050 _bss segment para public 'BSS' use64
.bss:0000000000202050 assume cs:_bss
.bss:0000000000202050 ;org 202050h
.bss:0000000000202050 assume es:nothing, ss:nothing, ds:_data, fs:nothing, gs:nothing
.bss:0000000000202050 public __bss_start
.bss:0000000000202050 ; FILE *_bss_start
.bss:0000000000202050 __bss_start dq ?        ; Alternative name is '__TMC_END__'
.bss:0000000000202050                         ; stdin@@GLIBC_2.2.5
.bss:0000000000202050                         ; _edata
.bss:0000000000202050                         ; Copy of shared data
.bss:0000000000202058 completed_6972 db ?
.bss:0000000000202059 align 20h
.bss:0000000000202059 _bss ends
.bss:0000000000202059
.prgend:0000000000202060
.prgend:0000000000202060 ; Segment type: Zero-length
.prgend:0000000000202060 _prgend segment byte public '' use64
.prgend:0000000000202060 _end label byte
.prgend:0000000000202060 _prgend ends
.prgend:0000000000202060
extern:0000000000202068
extern:0000000000202068 ; Segment type: Externs
extern:0000000000202068 ; extern
extern:0000000000202068 ; int puts(const char *s)
extern:0000000000202068 extrn puts:near
extern:0000000000202070 ; size_t strlen(const char *s)
extern:0000000000202070 extrn strlen:near
extern:0000000000202078 ; int _libc_start_main(int (*main)(int, char **, char **), int argc, char **ubp_av, void (*init)(void), void (*fini)(void), void (*rtld_fini)(void), void *stack_end)
extern:0000000000202078 extrn __libc_start_main:near
extern:0000000000202080 ; char *fgets(char *s, int n, FILE *stream)
extern:0000000000202080 extrn fgets:near
extern:0000000000202088 ; int strcmp(const char *s1, const char *s2)
extern:0000000000202088 extrn strcmp:near
extern:0000000000202090 ; __int64 ptrace(enum __ptrace_request request, ...)
extern:0000000000202090 extrn ptrace:near
extern:0000000000202098 ; int __cxa_finalize(void *)
extern:0000000000202098 extrn __imp___cxa_finalize:near ; weak
extern:00000000002020A0 extrn _ITM_deregisterTMCloneTable ; weak
extern:00000000002020A8 extrn __gmon_start__:near ; weak
extern:00000000002020B0 extrn _Jv_RegisterClasses:near ; weak
extern:00000000002020B8 extrn _ITM_registerTMCloneTable ; weak
extern:00000000002020B8
extern:00000000002020B8
extern:00000000002020B8 end _start
